<?xml version="1.0" encoding="UTF-8"?>
<testng-results ignored="0" total="2" passed="2" failed="0" skipped="0">
  <reporter-output>
  </reporter-output>
  <suite started-at="2023-10-09T15:08:21 IST" name="Suite" finished-at="2023-10-09T15:08:33 IST" duration-ms="12036">
    <groups>
    </groups>
    <test started-at="2023-10-09T15:08:21 IST" name="TestRunner-1" finished-at="2023-10-09T15:08:33 IST" duration-ms="11911">
      <class name="k_pract.amazonTest">
        <test-method is-config="true" signature="bc_config(java.lang.String)[pri:0, instance:k_pract.amazonTest@4d0f2471]" started-at="2023-10-09T15:08:21 IST" name="bc_config" finished-at="2023-10-09T15:08:24 IST" duration-ms="3623" status="PASS">
          <params>
            <param index="0">
              <value>
                <![CDATA[edge]]>
              </value>
            </param>
          </params>
          <reporter-output>
          </reporter-output>
        </test-method> <!-- bc_config -->
        <test-method signature="flip()[pri:0, instance:k_pract.amazonTest@4d0f2471]" started-at="2023-10-09T15:08:24 IST" name="flip" finished-at="2023-10-09T15:08:32 IST" duration-ms="7134" status="PASS">
          <reporter-output>
          </reporter-output>
        </test-method> <!-- flip -->
        <test-method is-config="true" signature="ac_config()[pri:0, instance:k_pract.amazonTest@4d0f2471]" started-at="2023-10-09T15:08:32 IST" name="ac_config" finished-at="2023-10-09T15:08:33 IST" duration-ms="1114" status="PASS">
          <reporter-output>
          </reporter-output>
        </test-method> <!-- ac_config -->
      </class> <!-- k_pract.amazonTest -->
    </test> <!-- TestRunner-1 -->
    <test started-at="2023-10-09T15:08:21 IST" name="TestRunner-2" finished-at="2023-10-09T15:08:33 IST" duration-ms="12036">
      <class name="k_pract.amazonTest">
        <test-method is-config="true" signature="bc_config(java.lang.String)[pri:0, instance:k_pract.amazonTest@434a63ab]" started-at="2023-10-09T15:08:21 IST" name="bc_config" finished-at="2023-10-09T15:08:25 IST" duration-ms="3778" status="PASS">
          <params>
            <param index="0">
              <value>
                <![CDATA[firefox]]>
              </value>
            </param>
          </params>
          <reporter-output>
          </reporter-output>
        </test-method> <!-- bc_config -->
        <test-method signature="flip()[pri:0, instance:k_pract.amazonTest@434a63ab]" started-at="2023-10-09T15:08:25 IST" name="flip" finished-at="2023-10-09T15:08:31 IST" duration-ms="6803" status="PASS">
          <reporter-output>
          </reporter-output>
        </test-method> <!-- flip -->
        <test-method is-config="true" signature="ac_config()[pri:0, instance:k_pract.amazonTest@434a63ab]" started-at="2023-10-09T15:08:31 IST" name="ac_config" finished-at="2023-10-09T15:08:33 IST" duration-ms="1426" status="PASS">
          <reporter-output>
          </reporter-output>
        </test-method> <!-- ac_config -->
      </class> <!-- k_pract.amazonTest -->
    </test> <!-- TestRunner-2 -->
  </suite> <!-- Suite -->
</testng-results>
